<?xml version="1.0" encoding="UTF-8"?>
<!-- Generated by org.testng.reporters.JUnitXMLReporter -->
<testsuite ignored="3" hostname="LAPTOP-R6M1RFB1" failures="0" tests="2" name="Test" time="27.985" errors="0" timestamp="2025-06-17T20:22:51 IST">
  <testcase classname="testScripts.LoginTest" name="verifyLoginWIthInvalidPasswordAndInvalidUSername" time="1.17"/>
  <testcase classname="testScripts.LoginTest" name="verifyLoginWIthInvalidPasswordAndInvalidUSername" time="3.223"/>
  <testcase classname="testScripts.LoginTest" name="verifyLoginWithInvalidPasswordValidUsername" time="0.0">
    <ignored/>
  </testcase> <!-- verifyLoginWithInvalidPasswordValidUsername -->
  <testcase classname="testScripts.LoginTest" name="verifyUserLoginWithValidCredentials" time="0.0">
    <ignored/>
  </testcase> <!-- verifyUserLoginWithValidCredentials -->
  <testcase classname="testScripts.LoginTest" name="verifyLoginWithValidPasswordAndInvalidUsername" time="0.0">
    <ignored/>
  </testcase> <!-- verifyLoginWithValidPasswordAndInvalidUsername -->
</testsuite> <!-- Test -->
