<?xml version="1.0" encoding="UTF-8"?>
<testng-results ignored="0" total="1" passed="1" failed="0" skipped="0">
  <reporter-output>
  </reporter-output>
  <suite started-at="2025-06-02T22:01:44 IST" name="Default suite" finished-at="2025-06-02T22:01:49 IST" duration-ms="5741">
    <groups>
    </groups>
    <test started-at="2025-06-02T22:01:44 IST" name="Default test" finished-at="2025-06-02T22:01:49 IST" duration-ms="5741">
      <class name="testScript.LoginTest">
        <test-method is-config="true" signature="initializeBrowser()[pri:0, instance:testScript.LoginTest@5c6648b0]" started-at="2025-06-02T22:01:44 IST" name="initializeBrowser" finished-at="2025-06-02T22:01:47 IST" duration-ms="3074" status="PASS">
          <reporter-output>
          </reporter-output>
        </test-method> <!-- initializeBrowser -->
        <test-method signature="verifyUserLoginWithValidCredentials()[pri:0, instance:testScript.LoginTest@5c6648b0]" started-at="2025-06-02T22:01:47 IST" name="verifyUserLoginWithValidCredentials" finished-at="2025-06-02T22:01:49 IST" duration-ms="2613" status="PASS">
          <reporter-output>
          </reporter-output>
        </test-method> <!-- verifyUserLoginWithValidCredentials -->
        <test-method is-config="true" signature="browserClose()[pri:0, instance:testScript.LoginTest@5c6648b0]" started-at="2025-06-02T22:01:49 IST" name="browserClose" finished-at="2025-06-02T22:01:49 IST" duration-ms="1" status="PASS">
          <reporter-output>
          </reporter-output>
        </test-method> <!-- browserClose -->
      </class> <!-- testScript.LoginTest -->
    </test> <!-- Default test -->
  </suite> <!-- Default suite -->
</testng-results>
