<?xml version="1.0" encoding="UTF-8"?>
<!-- Generated by org.testng.reporters.JUnitXMLReporter -->
<testsuite ignored="1" hostname="LAPTOP-R6M1RFB1" failures="0" tests="4" name="Test1" time="90.895" errors="0" timestamp="2025-06-17T20:10:28 IST">
  <testcase classname="testScripts.ManageNewsTest" name="verifyWhetherUserAbleToClickOnManageNewsTile" time="16.872"/>
  <testcase classname="testScripts.ManageNewsTest" name="verifyWhetherUserAbleToClickOnNewButton" time="4.682"/>
  <testcase classname="testScripts.ManageNewsTest" name="verifyWhetherUserAbleToClickOnSearchButton" time="5.043"/>
  <testcase classname="testScripts.ManageNewsTest" name="verifyWhetherUserAbleToSearchTheEnteredValue" time="5.495"/>
  <testcase classname="testScripts.ManageNewsTest" name="verifyWhetherUserAbleToAddNewsAndSave" time="0.0">
    <ignored/>
  </testcase> <!-- verifyWhetherUserAbleToAddNewsAndSave -->
</testsuite> <!-- Test1 -->
