<?xml version="1.0" encoding="UTF-8"?>
<!-- Generated by org.testng.reporters.JUnitXMLReporter -->
<testsuite ignored="1" hostname="LAPTOP-R6M1RFB1" failures="0" tests="3" name="Test2" time="75.352" errors="0" timestamp="2025-06-17T20:10:13 IST">
  <testcase classname="testScripts.LoginTest" name="verifyLoginWithInvalidPasswordValidUsername" time="4.047"/>
  <testcase classname="testScripts.LoginTest" name="verifyLoginWithValidPasswordAndInvalidUsername" time="5.581"/>
  <testcase classname="testScripts.LoginTest" name="verifyLoginWIthInvalidPasswordAndInvalidUSername" time="6.895"/>
  <testcase classname="testScripts.LoginTest" name="verifyUserLoginWithValidCredentials" time="0.0">
    <ignored/>
  </testcase> <!-- verifyUserLoginWithValidCredentials -->
</testsuite> <!-- Test2 -->
