<?xml version="1.0" encoding="UTF-8"?>
<testng-results ignored="0" total="2" passed="2" failed="0" skipped="0">
  <reporter-output>
  </reporter-output>
  <suite started-at="2025-06-17T20:22:21 IST" name="Suite" finished-at="2025-06-17T20:22:49 IST" duration-ms="27985">
    <groups>
      <group name="smoke">
        <method signature="LoginTest.verifyLoginWIthInvalidPasswordAndInvalidUSername(java.lang.String,java.lang.String)[pri:4, instance:testScripts.LoginTest@5d908d47]" name="verifyLoginWIthInvalidPasswordAndInvalidUSername" class="testScripts.LoginTest"/>
      </group> <!-- smoke -->
    </groups>
    <test started-at="2025-06-17T20:22:21 IST" name="Test" finished-at="2025-06-17T20:22:49 IST" duration-ms="27985">
      <class name="testScripts.LoginTest">
        <test-method is-config="true" signature="initializeBrowser(java.lang.String)[pri:0, instance:testScripts.LoginTest@5d908d47]" started-at="2025-06-17T20:22:21 IST" name="initializeBrowser" finished-at="2025-06-17T20:22:33 IST" duration-ms="11740" status="PASS">
          <params>
            <param index="0">
              <value>
                <![CDATA[chrome]]>
              </value>
            </param>
          </params>
          <reporter-output>
          </reporter-output>
        </test-method> <!-- initializeBrowser -->
        <test-method signature="verifyLoginWIthInvalidPasswordAndInvalidUSername(java.lang.String,java.lang.String)[pri:4, instance:testScripts.LoginTest@5d908d47]" started-at="2025-06-17T20:22:33 IST" name="verifyLoginWIthInvalidPasswordAndInvalidUSername" description="User can&#039;t login because of invalid password and invalid username" data-provider="logindata" finished-at="2025-06-17T20:22:34 IST" duration-ms="1170" status="PASS">
          <params>
            <param index="0">
              <value>
                <![CDATA[Test1]]>
              </value>
            </param>
            <param index="1">
              <value>
                <![CDATA[Test2]]>
              </value>
            </param>
          </params>
          <reporter-output>
          </reporter-output>
        </test-method> <!-- verifyLoginWIthInvalidPasswordAndInvalidUSername -->
        <test-method is-config="true" signature="driverQuit(org.testng.ITestResult)[pri:0, instance:testScripts.LoginTest@5d908d47]" started-at="2025-06-17T20:22:34 IST" name="driverQuit" finished-at="2025-06-17T20:22:35 IST" duration-ms="1434" status="PASS">
          <params>
            <param index="0">
              <value>
                <![CDATA[[TestResult name=verifyLoginWIthInvalidPasswordAndInvalidUSername status=SUCCESS method=LoginTest.verifyLoginWIthInvalidPasswordAndInvalidUSername(java.lang.String,java.lang.String)[pri:4, instance:testScripts.LoginTest@5d908d47] output={null}]]]>
              </value>
            </param>
          </params>
          <reporter-output>
          </reporter-output>
        </test-method> <!-- driverQuit -->
        <test-method is-config="true" signature="initializeBrowser(java.lang.String)[pri:0, instance:testScripts.LoginTest@5d908d47]" started-at="2025-06-17T20:22:35 IST" name="initializeBrowser" finished-at="2025-06-17T20:22:43 IST" duration-ms="8015" status="PASS">
          <params>
            <param index="0">
              <value>
                <![CDATA[chrome]]>
              </value>
            </param>
          </params>
          <reporter-output>
          </reporter-output>
        </test-method> <!-- initializeBrowser -->
        <test-method signature="verifyLoginWIthInvalidPasswordAndInvalidUSername(java.lang.String,java.lang.String)[pri:4, instance:testScripts.LoginTest@5d908d47]" started-at="2025-06-17T20:22:43 IST" name="verifyLoginWIthInvalidPasswordAndInvalidUSername" description="User can&#039;t login because of invalid password and invalid username" data-provider="logindata" finished-at="2025-06-17T20:22:46 IST" duration-ms="3223" status="PASS">
          <params>
            <param index="0">
              <value>
                <![CDATA[Test3]]>
              </value>
            </param>
            <param index="1">
              <value>
                <![CDATA[Test4]]>
              </value>
            </param>
          </params>
          <reporter-output>
          </reporter-output>
        </test-method> <!-- verifyLoginWIthInvalidPasswordAndInvalidUSername -->
        <test-method is-config="true" signature="driverQuit(org.testng.ITestResult)[pri:0, instance:testScripts.LoginTest@5d908d47]" started-at="2025-06-17T20:22:46 IST" name="driverQuit" finished-at="2025-06-17T20:22:49 IST" duration-ms="2167" status="PASS">
          <params>
            <param index="0">
              <value>
                <![CDATA[[TestResult name=verifyLoginWIthInvalidPasswordAndInvalidUSername status=SUCCESS method=LoginTest.verifyLoginWIthInvalidPasswordAndInvalidUSername(java.lang.String,java.lang.String)[pri:4, instance:testScripts.LoginTest@5d908d47] output={null}]]]>
              </value>
            </param>
          </params>
          <reporter-output>
          </reporter-output>
        </test-method> <!-- driverQuit -->
      </class> <!-- testScripts.LoginTest -->
    </test> <!-- Test -->
  </suite> <!-- Suite -->
</testng-results>
