<?xml version="1.0" encoding="UTF-8"?>
<!-- Generated by org.testng.reporters.JUnitXMLReporter -->
<testsuite ignored="2" hostname="LAPTOP-R6M1RFB1" failures="0" tests="2" name="Test" time="4.479" errors="0" timestamp="2025-06-16T19:12:02 IST">
  <testcase classname="automationCore.Base" name="@BeforeMethod initializeBrowser" time="2.397">
    <failure type="java.lang.Exception" message="Invalid Browser">
      <![CDATA[java.lang.Exception: Invalid Browser
at automationCore.Base.initializeBrowser(Base.java:47)
at java.base/java.util.ArrayList.forEach(ArrayList.java:1596)
... Removed 29 stack frames]]>
    </failure>
  </testcase> <!-- @BeforeMethod initializeBrowser -->
  <testcase classname="automationCore.Base" name="@BeforeMethod initializeBrowser" time="1.489">
    <failure type="java.lang.Exception" message="Invalid Browser">
      <![CDATA[java.lang.Exception: Invalid Browser
at automationCore.Base.initializeBrowser(Base.java:47)
at java.base/java.util.ArrayList.forEach(ArrayList.java:1596)
... Removed 29 stack frames]]>
    </failure>
  </testcase> <!-- @BeforeMethod initializeBrowser -->
  <testcase classname="testScripts.LoginTest" name="verifyLoginWithValidPasswordAndInvalidUsername" time="0.001">
    <skipped/>
  </testcase> <!-- verifyLoginWithValidPasswordAndInvalidUsername -->
  <testcase classname="testScripts.LoginTest" name="verifyLoginWIthInvalidPasswordAndInvalidUSername" time="0.0">
    <skipped/>
  </testcase> <!-- verifyLoginWIthInvalidPasswordAndInvalidUSername -->
  <testcase classname="testScripts.LoginTest" name="verifyUserLoginWithValidCredentials" time="0.0">
    <ignored/>
  </testcase> <!-- verifyUserLoginWithValidCredentials -->
  <testcase classname="testScripts.LoginTest" name="verifyLoginWithInvalidPasswordValidUsername" time="0.0">
    <ignored/>
  </testcase> <!-- verifyLoginWithInvalidPasswordValidUsername -->
</testsuite> <!-- Test -->
