<?xml version="1.0" encoding="UTF-8"?>
<!-- Generated by org.testng.reporters.JUnitXMLReporter -->
<testsuite ignored="2" hostname="LAPTOP-R6M1RFB1" failures="0" tests="2" name="Test" time="15.102" errors="0" timestamp="2025-06-16T19:26:57 IST">
  <testcase classname="testScripts.LoginTest" name="verifyLoginWithValidPasswordAndInvalidUsername" time="3.44"/>
  <testcase classname="testScripts.LoginTest" name="verifyLoginWIthInvalidPasswordAndInvalidUSername" time="0.678"/>
  <testcase classname="testScripts.LoginTest" name="verifyUserLoginWithValidCredentials" time="0.0">
    <ignored/>
  </testcase> <!-- verifyUserLoginWithValidCredentials -->
  <testcase classname="testScripts.LoginTest" name="verifyLoginWithInvalidPasswordValidUsername" time="0.0">
    <ignored/>
  </testcase> <!-- verifyLoginWithInvalidPasswordValidUsername -->
</testsuite> <!-- Test -->
