<?xml version="1.0" encoding="UTF-8"?>
<!-- Generated by org.testng.reporters.JUnitReportReporter -->
<testsuite hostname="LAPTOP-R6M1RFB1" failures="0" tests="4" name="testScripts.ManageNewsTest" time="90.657" errors="0" timestamp="2025-06-17T20:10:29 IST" skipped="0">
  <testcase classname="testScripts.ManageNewsTest" name="verifyWhetherUserAbleToClickOnSearchButton" time="18.383"/>
  <testcase classname="testScripts.ManageNewsTest" name="verifyWhetherUserAbleToClickOnManageNewsTile" time="32.816"/>
  <testcase classname="testScripts.ManageNewsTest" name="verifyWhetherUserAbleToClickOnNewButton" time="13.594"/>
  <testcase classname="testScripts.ManageNewsTest" name="verifyWhetherUserAbleToSearchTheEnteredValue" time="25.864"/>
</testsuite> <!-- testScripts.ManageNewsTest -->
