<?xml version="1.0" encoding="UTF-8"?>
<!-- Generated by org.testng.reporters.JUnitReportReporter -->
<testsuite hostname="LAPTOP-R6M1RFB1" failures="0" tests="2" name="testScripts.LoginTest" time="27.749" errors="0" timestamp="2025-06-17T20:22:52 IST" skipped="0">
  <testcase classname="testScripts.LoginTest" name="verifyLoginWIthInvalidPasswordAndInvalidUSername" time="13.405"/>
  <testcase classname="testScripts.LoginTest" name="verifyLoginWIthInvalidPasswordAndInvalidUSername" time="14.344"/>
</testsuite> <!-- testScripts.LoginTest -->
