<?xml version="1.0" encoding="UTF-8"?>
<!-- Generated by org.testng.reporters.JUnitReportReporter -->
<testsuite hostname="LAPTOP-R6M1RFB1" failures="0" tests="5" name="testScripts.ManageNewsTest" time="29.725" errors="0" timestamp="2025-06-10T20:53:39 IST" skipped="0">
  <testcase classname="testScripts.ManageNewsTest" name="verifyWhetherUserAbleToClickOnManageNewsTile" time="5.271"/>
  <testcase classname="testScripts.ManageNewsTest" name="verifyWhetherUserAbleToAddNewsAndSave" time="7.297"/>
  <testcase classname="testScripts.ManageNewsTest" name="verifyWhetherUserAbleToClickOnSearchButton" time="5.235"/>
  <testcase classname="testScripts.ManageNewsTest" name="verifyWhetherUserAbleToSearchTheEnteredValue" time="6.290"/>
  <testcase classname="testScripts.ManageNewsTest" name="verifyWhetherUserAbleToClickOnNewButton" time="5.632"/>
</testsuite> <!-- testScripts.ManageNewsTest -->
