<?xml version="1.0" encoding="UTF-8"?>
<!-- Generated by org.testng.reporters.JUnitXMLReporter -->
<testsuite ignored="3" hostname="LAPTOP-R6M1RFB1" failures="0" tests="1" name="Default test" time="5.741" errors="0" timestamp="2025-06-02T22:01:50 IST">
  <testcase classname="testScript.LoginTest" name="verifyUserLoginWithValidCredentials" time="2.613"/>
  <testcase classname="testScript.LoginTest" name="verifyLoginWIthInvalidPasswordAndInvalidUSername" time="0.0">
    <ignored/>
  </testcase> <!-- verifyLoginWIthInvalidPasswordAndInvalidUSername -->
  <testcase classname="testScript.LoginTest" name="verifyUserLoginWithInvalidPasswordAndValidUsername" time="0.0">
    <ignored/>
  </testcase> <!-- verifyUserLoginWithInvalidPasswordAndValidUsername -->
  <testcase classname="testScript.LoginTest" name="verifyLoginWithValidPasswordAndInvalidUsername" time="0.0">
    <ignored/>
  </testcase> <!-- verifyLoginWithValidPasswordAndInvalidUsername -->
</testsuite> <!-- Default test -->
